<?xml version="1.0" encoding="UTF-8"?>
<coverage generated="1663078794671" clover="3.2.0">
  <project timestamp="1663078794671" name="All files">
    <metrics statements="145" coveredstatements="93" conditionals="59" coveredconditionals="18" methods="47" coveredmethods="26" elements="251" coveredelements="137" complexity="0" loc="145" ncloc="145" packages="14" files="26" classes="26"/>
    <package name="src">
      <metrics statements="14" coveredstatements="0" conditionals="4" coveredconditionals="0" methods="3" coveredmethods="0"/>
      <file name="App.tsx" path="/Users/miralem/Documents/q-agency-task/src/App.tsx">
        <metrics statements="3" coveredstatements="0" conditionals="0" coveredconditionals="0" methods="1" coveredmethods="0"/>
        <line num="10" count="0" type="stmt"/>
        <line num="11" count="0" type="stmt"/>
        <line num="13" count="0" type="stmt"/>
      </file>
      <file name="index.tsx" path="/Users/miralem/Documents/q-agency-task/src/index.tsx">
        <metrics statements="3" coveredstatements="0" conditionals="0" coveredconditionals="0" methods="0" coveredmethods="0"/>
        <line num="8" count="0" type="stmt"/>
        <line num="11" count="0" type="stmt"/>
        <line num="21" count="0" type="stmt"/>
      </file>
      <file name="reportWebVitals.ts" path="/Users/miralem/Documents/q-agency-task/src/reportWebVitals.ts">
        <metrics statements="8" coveredstatements="0" conditionals="4" coveredconditionals="0" methods="2" coveredmethods="0"/>
        <line num="3" count="0" type="stmt"/>
        <line num="4" count="0" type="cond" truecount="0" falsecount="4"/>
        <line num="5" count="0" type="stmt"/>
        <line num="6" count="0" type="stmt"/>
        <line num="7" count="0" type="stmt"/>
        <line num="8" count="0" type="stmt"/>
        <line num="9" count="0" type="stmt"/>
        <line num="10" count="0" type="stmt"/>
      </file>
    </package>
    <package name="src.core.api">
      <metrics statements="2" coveredstatements="2" conditionals="0" coveredconditionals="0" methods="2" coveredmethods="1"/>
      <file name="fetcher.ts" path="/Users/miralem/Documents/q-agency-task/src/core/api/fetcher.ts">
        <metrics statements="2" coveredstatements="2" conditionals="0" coveredconditionals="0" methods="2" coveredmethods="1"/>
        <line num="1" count="4" type="stmt"/>
        <line num="2" count="1" type="stmt"/>
      </file>
    </package>
    <package name="src.core.constants">
      <metrics statements="0" coveredstatements="0" conditionals="0" coveredconditionals="0" methods="0" coveredmethods="0"/>
      <file name="messages.ts" path="/Users/miralem/Documents/q-agency-task/src/core/constants/messages.ts">
        <metrics statements="0" coveredstatements="0" conditionals="0" coveredconditionals="0" methods="0" coveredmethods="0"/>
      </file>
      <file name="routes.ts" path="/Users/miralem/Documents/q-agency-task/src/core/constants/routes.ts">
        <metrics statements="0" coveredstatements="0" conditionals="0" coveredconditionals="0" methods="0" coveredmethods="0"/>
      </file>
    </package>
    <package name="src.core.contexts">
      <metrics statements="26" coveredstatements="13" conditionals="12" coveredconditionals="1" methods="8" coveredmethods="3"/>
      <file name="FilterContext.tsx" path="/Users/miralem/Documents/q-agency-task/src/core/contexts/FilterContext.tsx">
        <metrics statements="7" coveredstatements="4" conditionals="0" coveredconditionals="0" methods="3" coveredmethods="1"/>
        <line num="10" count="5" type="stmt"/>
        <line num="15" count="5" type="stmt"/>
        <line num="16" count="9" type="stmt"/>
        <line num="19" count="5" type="stmt"/>
        <line num="23" count="0" type="stmt"/>
        <line num="25" count="0" type="stmt"/>
        <line num="26" count="0" type="stmt"/>
      </file>
      <file name="UserContext.tsx" path="/Users/miralem/Documents/q-agency-task/src/core/contexts/UserContext.tsx">
        <metrics statements="19" coveredstatements="9" conditionals="12" coveredconditionals="1" methods="5" coveredmethods="2"/>
        <line num="42" count="4" type="stmt"/>
        <line num="43" count="2" type="stmt"/>
        <line num="44" count="2" type="stmt"/>
        <line num="47" count="4" type="stmt"/>
        <line num="48" count="2" type="stmt"/>
        <line num="49" count="2" type="stmt"/>
        <line num="50" count="2" type="cond" truecount="1" falsecount="1"/>
        <line num="51" count="0" type="stmt"/>
        <line num="59" count="4" type="stmt"/>
        <line num="61" count="4" type="stmt"/>
        <line num="65" count="0" type="stmt"/>
        <line num="67" count="0" type="stmt"/>
        <line num="68" count="0" type="cond" truecount="0" falsecount="2"/>
        <line num="70" count="0" type="cond" truecount="0" falsecount="4"/>
        <line num="71" count="0" type="stmt"/>
        <line num="72" count="0" type="cond" truecount="0" falsecount="2"/>
        <line num="73" count="0" type="cond" truecount="0" falsecount="2"/>
        <line num="74" count="0" type="stmt"/>
        <line num="79" count="0" type="stmt"/>
      </file>
    </package>
    <package name="src.core.hooks">
      <metrics statements="10" coveredstatements="10" conditionals="2" coveredconditionals="2" methods="6" coveredmethods="5"/>
      <file name="useDebounce.ts" path="/Users/miralem/Documents/q-agency-task/src/core/hooks/useDebounce.ts">
        <metrics statements="7" coveredstatements="7" conditionals="2" coveredconditionals="2" methods="4" coveredmethods="3"/>
        <line num="3" count="5" type="stmt"/>
        <line num="4" count="9" type="stmt"/>
        <line num="6" count="9" type="stmt"/>
        <line num="7" count="5" type="cond" truecount="2" falsecount="0"/>
        <line num="9" count="5" type="stmt"/>
        <line num="10" count="5" type="stmt"/>
        <line num="14" count="9" type="stmt"/>
      </file>
      <file name="useHelloEffect.ts" path="/Users/miralem/Documents/q-agency-task/src/core/hooks/useHelloEffect.ts">
        <metrics statements="3" coveredstatements="3" conditionals="0" coveredconditionals="0" methods="2" coveredmethods="2"/>
        <line num="8" count="9" type="stmt"/>
        <line num="9" count="16" type="stmt"/>
        <line num="10" count="14" type="stmt"/>
      </file>
    </package>
    <package name="src.core.routes">
      <metrics statements="3" coveredstatements="3" conditionals="0" coveredconditionals="0" methods="1" coveredmethods="1"/>
      <file name="PageRoutes.tsx" path="/Users/miralem/Documents/q-agency-task/src/core/routes/PageRoutes.tsx">
        <metrics statements="3" coveredstatements="3" conditionals="0" coveredconditionals="0" methods="1" coveredmethods="1"/>
        <line num="9" count="1" type="stmt"/>
        <line num="10" count="1" type="stmt"/>
        <line num="11" count="1" type="stmt"/>
      </file>
    </package>
    <package name="src.modules.comments.components">
      <metrics statements="7" coveredstatements="1" conditionals="4" coveredconditionals="0" methods="2" coveredmethods="0"/>
      <file name="comments.tsx" path="/Users/miralem/Documents/q-agency-task/src/modules/comments/components/comments.tsx">
        <metrics statements="7" coveredstatements="1" conditionals="4" coveredconditionals="0" methods="2" coveredmethods="0"/>
        <line num="11" count="3" type="stmt"/>
        <line num="15" count="0" type="stmt"/>
        <line num="17" count="0" type="stmt"/>
        <line num="18" count="0" type="cond" truecount="0" falsecount="2"/>
        <line num="19" count="0" type="cond" truecount="0" falsecount="2"/>
        <line num="21" count="0" type="stmt"/>
        <line num="28" count="0" type="stmt"/>
      </file>
    </package>
    <package name="src.modules.comments.hooks">
      <metrics statements="3" coveredstatements="1" conditionals="0" coveredconditionals="0" methods="1" coveredmethods="0"/>
      <file name="useComments.ts" path="/Users/miralem/Documents/q-agency-task/src/modules/comments/hooks/useComments.ts">
        <metrics statements="3" coveredstatements="1" conditionals="0" coveredconditionals="0" methods="1" coveredmethods="0"/>
        <line num="16" count="3" type="stmt"/>
        <line num="17" count="0" type="stmt"/>
        <line num="18" count="0" type="stmt"/>
      </file>
    </package>
    <package name="src.modules.posts.components">
      <metrics statements="15" coveredstatements="7" conditionals="6" coveredconditionals="2" methods="3" coveredmethods="1"/>
      <file name="post.tsx" path="/Users/miralem/Documents/q-agency-task/src/modules/posts/components/post.tsx">
        <metrics statements="7" coveredstatements="1" conditionals="0" coveredconditionals="0" methods="2" coveredmethods="0"/>
        <line num="14" count="2" type="stmt"/>
        <line num="21" count="0" type="stmt"/>
        <line num="23" count="0" type="stmt"/>
        <line num="24" count="0" type="stmt"/>
        <line num="25" count="0" type="stmt"/>
        <line num="26" count="0" type="stmt"/>
        <line num="29" count="0" type="stmt"/>
      </file>
      <file name="postDetails.tsx" path="/Users/miralem/Documents/q-agency-task/src/modules/posts/components/postDetails.tsx">
        <metrics statements="8" coveredstatements="6" conditionals="6" coveredconditionals="2" methods="1" coveredmethods="1"/>
        <line num="14" count="2" type="stmt"/>
        <line num="18" count="1" type="stmt"/>
        <line num="20" count="1" type="stmt"/>
        <line num="21" count="1" type="stmt"/>
        <line num="23" count="1" type="cond" truecount="1" falsecount="1"/>
        <line num="24" count="1" type="cond" truecount="1" falsecount="1"/>
        <line num="25" count="0" type="stmt"/>
        <line num="27" count="0" type="stmt"/>
      </file>
    </package>
    <package name="src.modules.posts.hooks">
      <metrics statements="14" coveredstatements="14" conditionals="12" coveredconditionals="6" methods="5" coveredmethods="4"/>
      <file name="usePost.ts" path="/Users/miralem/Documents/q-agency-task/src/modules/posts/hooks/usePost.ts">
        <metrics statements="3" coveredstatements="3" conditionals="2" coveredconditionals="1" methods="1" coveredmethods="1"/>
        <line num="9" count="2" type="stmt"/>
        <line num="10" count="1" type="cond" truecount="1" falsecount="1"/>
        <line num="12" count="1" type="stmt"/>
      </file>
      <file name="usePosts.ts" path="/Users/miralem/Documents/q-agency-task/src/modules/posts/hooks/usePosts.ts">
        <metrics statements="11" coveredstatements="11" conditionals="10" coveredconditionals="5" methods="4" coveredmethods="3"/>
        <line num="13" count="2" type="cond" truecount="1" falsecount="1"/>
        <line num="14" count="2" type="stmt"/>
        <line num="15" count="2" type="stmt"/>
        <line num="16" count="2" type="stmt"/>
        <line num="18" count="2" type="stmt"/>
        <line num="19" count="1" type="stmt"/>
        <line num="22" count="2" type="cond" truecount="1" falsecount="1"/>
        <line num="23" count="2" type="stmt"/>
        <line num="30" count="2" type="stmt"/>
        <line num="31" count="1" type="cond" truecount="1" falsecount="1"/>
        <line num="34" count="2" type="stmt"/>
      </file>
    </package>
    <package name="src.modules.posts.pages">
      <metrics statements="25" coveredstatements="18" conditionals="19" coveredconditionals="7" methods="8" coveredmethods="4"/>
      <file name="PostsPage.tsx" path="/Users/miralem/Documents/q-agency-task/src/modules/posts/pages/PostsPage.tsx">
        <metrics statements="21" coveredstatements="14" conditionals="19" coveredconditionals="7" methods="7" coveredmethods="3"/>
        <line num="11" count="2" type="stmt"/>
        <line num="12" count="2" type="stmt"/>
        <line num="14" count="2" type="stmt"/>
        <line num="15" count="2" type="stmt"/>
        <line num="17" count="2" type="stmt"/>
        <line num="18" count="1" type="stmt"/>
        <line num="21" count="2" type="stmt"/>
        <line num="25" count="2" type="stmt"/>
        <line num="26" count="2" type="stmt"/>
        <line num="28" count="2" type="stmt"/>
        <line num="30" count="2" type="cond" truecount="1" falsecount="1"/>
        <line num="31" count="0" type="cond" truecount="0" falsecount="2"/>
        <line num="32" count="0" type="stmt"/>
        <line num="33" count="0" type="cond" truecount="0" falsecount="4"/>
        <line num="34" count="0" type="stmt"/>
        <line num="37" count="0" type="cond" truecount="0" falsecount="2"/>
        <line num="42" count="2" type="stmt"/>
        <line num="43" count="0" type="stmt"/>
        <line num="48" count="2" type="cond" truecount="2" falsecount="0"/>
        <line num="49" count="2" type="stmt"/>
        <line num="58" count="0" type="stmt"/>
      </file>
      <file name="SinglePostPage.tsx" path="/Users/miralem/Documents/q-agency-task/src/modules/posts/pages/SinglePostPage.tsx">
        <metrics statements="4" coveredstatements="4" conditionals="0" coveredconditionals="0" methods="1" coveredmethods="1"/>
        <line num="7" count="2" type="stmt"/>
        <line num="8" count="1" type="stmt"/>
        <line num="10" count="1" type="stmt"/>
        <line num="12" count="1" type="stmt"/>
      </file>
    </package>
    <package name="src.modules.users.components">
      <metrics statements="4" coveredstatements="4" conditionals="0" coveredconditionals="0" methods="1" coveredmethods="1"/>
      <file name="aboutUser.tsx" path="/Users/miralem/Documents/q-agency-task/src/modules/users/components/aboutUser.tsx">
        <metrics statements="4" coveredstatements="4" conditionals="0" coveredconditionals="0" methods="1" coveredmethods="1"/>
        <line num="10" count="3" type="stmt"/>
        <line num="15" count="1" type="stmt"/>
        <line num="17" count="1" type="stmt"/>
        <line num="18" count="1" type="stmt"/>
      </file>
    </package>
    <package name="src.shared.components">
      <metrics statements="16" coveredstatements="14" conditionals="0" coveredconditionals="0" methods="5" coveredmethods="4"/>
      <file name="basicPageHeader.tsx" path="/Users/miralem/Documents/q-agency-task/src/shared/components/basicPageHeader.tsx">
        <metrics statements="3" coveredstatements="3" conditionals="0" coveredconditionals="0" methods="1" coveredmethods="1"/>
        <line num="4" count="3" type="stmt"/>
        <line num="5" count="2" type="stmt"/>
        <line num="7" count="2" type="stmt"/>
      </file>
      <file name="error.tsx" path="/Users/miralem/Documents/q-agency-task/src/shared/components/error.tsx">
        <metrics statements="3" coveredstatements="3" conditionals="0" coveredconditionals="0" methods="1" coveredmethods="1"/>
        <line num="5" count="4" type="stmt"/>
        <line num="6" count="1" type="stmt"/>
        <line num="8" count="1" type="stmt"/>
      </file>
      <file name="loading.tsx" path="/Users/miralem/Documents/q-agency-task/src/shared/components/loading.tsx">
        <metrics statements="3" coveredstatements="3" conditionals="0" coveredconditionals="0" methods="1" coveredmethods="1"/>
        <line num="5" count="4" type="stmt"/>
        <line num="6" count="2" type="stmt"/>
        <line num="8" count="2" type="stmt"/>
      </file>
      <file name="pageHeaderWithFilter.tsx" path="/Users/miralem/Documents/q-agency-task/src/shared/components/pageHeaderWithFilter.tsx">
        <metrics statements="7" coveredstatements="5" conditionals="0" coveredconditionals="0" methods="2" coveredmethods="1"/>
        <line num="6" count="3" type="stmt"/>
        <line num="7" count="3" type="stmt"/>
        <line num="8" count="3" type="stmt"/>
        <line num="9" count="3" type="stmt"/>
        <line num="10" count="3" type="stmt"/>
        <line num="21" count="0" type="stmt"/>
        <line num="22" count="0" type="stmt"/>
      </file>
    </package>
    <package name="src.shared.pages">
      <metrics statements="6" coveredstatements="6" conditionals="0" coveredconditionals="0" methods="2" coveredmethods="2"/>
      <file name="BasePageLayout.tsx" path="/Users/miralem/Documents/q-agency-task/src/shared/pages/BasePageLayout.tsx">
        <metrics statements="3" coveredstatements="3" conditionals="0" coveredconditionals="0" methods="1" coveredmethods="1"/>
        <line num="8" count="1" type="stmt"/>
        <line num="12" count="1" type="stmt"/>
        <line num="14" count="1" type="stmt"/>
      </file>
      <file name="PageNotFound.tsx" path="/Users/miralem/Documents/q-agency-task/src/shared/pages/PageNotFound.tsx">
        <metrics statements="3" coveredstatements="3" conditionals="0" coveredconditionals="0" methods="1" coveredmethods="1"/>
        <line num="4" count="1" type="stmt"/>
        <line num="5" count="1" type="stmt"/>
        <line num="7" count="1" type="stmt"/>
      </file>
    </package>
  </project>
</coverage>
