{"/Users/miralem/Documents/q-agency-task/src/App.tsx": {"path":"/Users/miralem/Documents/q-agency-task/src/App.tsx","statementMap":{"0":{"start":{"line":10,"column":12},"end":{"line":24,"column":1}},"1":{"start":{"line":11,"column":2},"end":{"line":11,"column":45}},"2":{"start":{"line":13,"column":2},"end":{"line":23,"column":4}}},"fnMap":{"0":{"name":"(anonymous_0)","decl":{"start":{"line":10,"column":12},"end":{"line":10,"column":13}},"loc":{"start":{"line":10,"column":53},"end":{"line":24,"column":1}},"line":10}},"branchMap":{},"s":{"0":0,"1":0,"2":0},"f":{"0":0},"b":{}}
,"/Users/miralem/Documents/q-agency-task/src/index.tsx": {"path":"/Users/miralem/Documents/q-agency-task/src/index.tsx","statementMap":{"0":{"start":{"line":8,"column":13},"end":{"line":10,"column":1}},"1":{"start":{"line":11,"column":0},"end":{"line":16,"column":2}},"2":{"start":{"line":21,"column":0},"end":{"line":21,"column":18}}},"fnMap":{},"branchMap":{},"s":{"0":0,"1":0,"2":0},"f":{},"b":{}}
,"/Users/miralem/Documents/q-agency-task/src/reportWebVitals.ts": {"path":"/Users/miralem/Documents/q-agency-task/src/reportWebVitals.ts","statementMap":{"0":{"start":{"line":3,"column":24},"end":{"line":13,"column":1}},"1":{"start":{"line":4,"column":2},"end":{"line":12,"column":3}},"2":{"start":{"line":5,"column":4},"end":{"line":11,"column":7}},"3":{"start":{"line":6,"column":6},"end":{"line":6,"column":26}},"4":{"start":{"line":7,"column":6},"end":{"line":7,"column":26}},"5":{"start":{"line":8,"column":6},"end":{"line":8,"column":26}},"6":{"start":{"line":9,"column":6},"end":{"line":9,"column":26}},"7":{"start":{"line":10,"column":6},"end":{"line":10,"column":27}}},"fnMap":{"0":{"name":"(anonymous_0)","decl":{"start":{"line":3,"column":24},"end":{"line":3,"column":25}},"loc":{"start":{"line":3,"column":57},"end":{"line":13,"column":1}},"line":3},"1":{"name":"(anonymous_1)","decl":{"start":{"line":5,"column":30},"end":{"line":5,"column":31}},"loc":{"start":{"line":5,"column":79},"end":{"line":11,"column":5}},"line":5}},"branchMap":{"0":{"loc":{"start":{"line":4,"column":2},"end":{"line":12,"column":3}},"type":"if","locations":[{"start":{"line":4,"column":2},"end":{"line":12,"column":3}},{"start":{},"end":{}}],"line":4},"1":{"loc":{"start":{"line":4,"column":6},"end":{"line":4,"column":52}},"type":"binary-expr","locations":[{"start":{"line":4,"column":6},"end":{"line":4,"column":17}},{"start":{"line":4,"column":21},"end":{"line":4,"column":52}}],"line":4}},"s":{"0":0,"1":0,"2":0,"3":0,"4":0,"5":0,"6":0,"7":0},"f":{"0":0,"1":0},"b":{"0":[0,0],"1":[0,0]}}
,"/Users/miralem/Documents/q-agency-task/src/core/api/fetcher.ts": {"path":"/Users/miralem/Documents/q-agency-task/src/core/api/fetcher.ts","statementMap":{"0":{"start":{"line":1,"column":23},"end":{"line":2,"column":75}},"1":{"start":{"line":2,"column":2},"end":{"line":2,"column":75}},"2":{"start":{"line":2,"column":64},"end":{"line":2,"column":74}}},"fnMap":{"0":{"name":"(anonymous_0)","decl":{"start":{"line":1,"column":23},"end":{"line":1,"column":24}},"loc":{"start":{"line":2,"column":2},"end":{"line":2,"column":75}},"line":2},"1":{"name":"(anonymous_1)","decl":{"start":{"line":2,"column":55},"end":{"line":2,"column":56}},"loc":{"start":{"line":2,"column":64},"end":{"line":2,"column":74}},"line":2}},"branchMap":{},"s":{"0":1,"1":0,"2":0},"f":{"0":0,"1":0},"b":{},"_coverageSchema":"1a1c01bbd47fc00a2c39e90264f33305004495a9","hash":"864da305b07c1665488a66073c8704f3ac3b3cbb"}
,"/Users/miralem/Documents/q-agency-task/src/core/constants/messages.ts": {"path":"/Users/miralem/Documents/q-agency-task/src/core/constants/messages.ts","statementMap":{},"fnMap":{},"branchMap":{},"s":{},"f":{},"b":{}}
,"/Users/miralem/Documents/q-agency-task/src/core/constants/routes.ts": {"path":"/Users/miralem/Documents/q-agency-task/src/core/constants/routes.ts","statementMap":{},"fnMap":{},"branchMap":{},"s":{},"f":{},"b":{},"_coverageSchema":"1a1c01bbd47fc00a2c39e90264f33305004495a9","hash":"2397779edfc5cae07c3ac09b22c6d69d6865fbc7"}
,"/Users/miralem/Documents/q-agency-task/src/core/contexts/FilterContext.tsx": {"path":"/Users/miralem/Documents/q-agency-task/src/core/contexts/FilterContext.tsx","statementMap":{"0":{"start":{"line":10,"column":22},"end":{"line":13,"column":2}},"1":{"start":{"line":15,"column":25},"end":{"line":17,"column":1}},"2":{"start":{"line":16,"column":2},"end":{"line":16,"column":48}},"3":{"start":{"line":19,"column":30},"end":{"line":31,"column":1}},"4":{"start":{"line":23,"column":2},"end":{"line":23,"column":56}},"5":{"start":{"line":25,"column":30},"end":{"line":25,"column":42}},"6":{"start":{"line":26,"column":2},"end":{"line":30,"column":4}}},"fnMap":{"0":{"name":"(anonymous_0)","decl":{"start":{"line":12,"column":13},"end":{"line":12,"column":14}},"loc":{"start":{"line":12,"column":34},"end":{"line":12,"column":36}},"line":12},"1":{"name":"(anonymous_1)","decl":{"start":{"line":15,"column":25},"end":{"line":15,"column":26}},"loc":{"start":{"line":15,"column":31},"end":{"line":17,"column":1}},"line":15},"2":{"name":"(anonymous_2)","decl":{"start":{"line":19,"column":30},"end":{"line":19,"column":31}},"loc":{"start":{"line":22,"column":47},"end":{"line":31,"column":1}},"line":22}},"branchMap":{},"s":{"0":2,"1":2,"2":1,"3":2,"4":0,"5":0,"6":0},"f":{"0":0,"1":1,"2":0},"b":{},"_coverageSchema":"1a1c01bbd47fc00a2c39e90264f33305004495a9","hash":"bd4c8954708dcd2293b1d48a9015a00f2eb01e08"}
,"/Users/miralem/Documents/q-agency-task/src/core/contexts/UserContext.tsx": {"path":"/Users/miralem/Documents/q-agency-task/src/core/contexts/UserContext.tsx","statementMap":{"0":{"start":{"line":42,"column":23},"end":{"line":45,"column":1}},"1":{"start":{"line":43,"column":16},"end":{"line":43,"column":39}},"2":{"start":{"line":44,"column":2},"end":{"line":44,"column":50}},"3":{"start":{"line":44,"column":30},"end":{"line":44,"column":48}},"4":{"start":{"line":47,"column":31},"end":{"line":53,"column":1}},"5":{"start":{"line":48,"column":17},"end":{"line":48,"column":56}},"6":{"start":{"line":49,"column":16},"end":{"line":49,"column":39}},"7":{"start":{"line":50,"column":2},"end":{"line":52,"column":11}},"8":{"start":{"line":51,"column":27},"end":{"line":51,"column":67}},"9":{"start":{"line":59,"column":20},"end":{"line":59,"column":52}},"10":{"start":{"line":61,"column":28},"end":{"line":84,"column":1}},"11":{"start":{"line":65,"column":2},"end":{"line":65,"column":54}},"12":{"start":{"line":67,"column":22},"end":{"line":67,"column":60}},"13":{"start":{"line":68,"column":19},"end":{"line":68,"column":65}},"14":{"start":{"line":70,"column":2},"end":{"line":77,"column":3}},"15":{"start":{"line":71,"column":4},"end":{"line":71,"column":56}},"16":{"start":{"line":72,"column":9},"end":{"line":77,"column":3}},"17":{"start":{"line":73,"column":18},"end":{"line":73,"column":65}},"18":{"start":{"line":74,"column":4},"end":{"line":76,"column":6}},"19":{"start":{"line":79,"column":2},"end":{"line":83,"column":4}}},"fnMap":{"0":{"name":"(anonymous_0)","decl":{"start":{"line":42,"column":23},"end":{"line":42,"column":24}},"loc":{"start":{"line":42,"column":53},"end":{"line":45,"column":1}},"line":42},"1":{"name":"(anonymous_1)","decl":{"start":{"line":44,"column":20},"end":{"line":44,"column":21}},"loc":{"start":{"line":44,"column":30},"end":{"line":44,"column":48}},"line":44},"2":{"name":"(anonymous_2)","decl":{"start":{"line":47,"column":31},"end":{"line":47,"column":32}},"loc":{"start":{"line":47,"column":37},"end":{"line":53,"column":1}},"line":47},"3":{"name":"(anonymous_3)","decl":{"start":{"line":51,"column":17},"end":{"line":51,"column":18}},"loc":{"start":{"line":51,"column":27},"end":{"line":51,"column":67}},"line":51},"4":{"name":"(anonymous_4)","decl":{"start":{"line":61,"column":28},"end":{"line":61,"column":29}},"loc":{"start":{"line":64,"column":45},"end":{"line":84,"column":1}},"line":64}},"branchMap":{"0":{"loc":{"start":{"line":50,"column":9},"end":{"line":52,"column":10}},"type":"cond-expr","locations":[{"start":{"line":51,"column":6},"end":{"line":51,"column":68}},{"start":{"line":52,"column":6},"end":{"line":52,"column":10}}],"line":50},"1":{"loc":{"start":{"line":68,"column":26},"end":{"line":68,"column":55}},"type":"cond-expr","locations":[{"start":{"line":68,"column":40},"end":{"line":68,"column":48}},{"start":{"line":68,"column":51},"end":{"line":68,"column":55}}],"line":68},"2":{"loc":{"start":{"line":70,"column":2},"end":{"line":77,"column":3}},"type":"if","locations":[{"start":{"line":70,"column":2},"end":{"line":77,"column":3}},{"start":{"line":72,"column":9},"end":{"line":77,"column":3}}],"line":70},"3":{"loc":{"start":{"line":70,"column":6},"end":{"line":70,"column":25}},"type":"binary-expr","locations":[{"start":{"line":70,"column":6},"end":{"line":70,"column":17}},{"start":{"line":70,"column":21},"end":{"line":70,"column":25}}],"line":70},"4":{"loc":{"start":{"line":72,"column":9},"end":{"line":77,"column":3}},"type":"if","locations":[{"start":{"line":72,"column":9},"end":{"line":77,"column":3}},{"start":{},"end":{}}],"line":72},"5":{"loc":{"start":{"line":73,"column":29},"end":{"line":73,"column":64}},"type":"binary-expr","locations":[{"start":{"line":73,"column":29},"end":{"line":73,"column":58}},{"start":{"line":73,"column":62},"end":{"line":73,"column":64}}],"line":73}},"s":{"0":1,"1":0,"2":0,"3":0,"4":1,"5":0,"6":0,"7":0,"8":0,"9":1,"10":1,"11":0,"12":0,"13":0,"14":0,"15":0,"16":0,"17":0,"18":0,"19":0},"f":{"0":0,"1":0,"2":0,"3":0,"4":0},"b":{"0":[0,0],"1":[0,0],"2":[0,0],"3":[0,0],"4":[0,0],"5":[0,0]},"_coverageSchema":"1a1c01bbd47fc00a2c39e90264f33305004495a9","hash":"3a7f5c9271af2962e374372a3ddd5264534ec903"}
,"/Users/miralem/Documents/q-agency-task/src/core/hooks/useDebounce.ts": {"path":"/Users/miralem/Documents/q-agency-task/src/core/hooks/useDebounce.ts","statementMap":{"0":{"start":{"line":3,"column":27},"end":{"line":15,"column":1}},"1":{"start":{"line":4,"column":46},"end":{"line":4,"column":64}},"2":{"start":{"line":6,"column":2},"end":{"line":12,"column":21}},"3":{"start":{"line":7,"column":18},"end":{"line":7,"column":74}},"4":{"start":{"line":7,"column":35},"end":{"line":7,"column":59}},"5":{"start":{"line":9,"column":4},"end":{"line":11,"column":6}},"6":{"start":{"line":10,"column":6},"end":{"line":10,"column":26}},"7":{"start":{"line":14,"column":2},"end":{"line":14,"column":24}}},"fnMap":{"0":{"name":"(anonymous_0)","decl":{"start":{"line":3,"column":27},"end":{"line":3,"column":28}},"loc":{"start":{"line":3,"column":63},"end":{"line":15,"column":1}},"line":3},"1":{"name":"(anonymous_1)","decl":{"start":{"line":6,"column":12},"end":{"line":6,"column":13}},"loc":{"start":{"line":6,"column":18},"end":{"line":12,"column":3}},"line":6},"2":{"name":"(anonymous_2)","decl":{"start":{"line":7,"column":29},"end":{"line":7,"column":30}},"loc":{"start":{"line":7,"column":35},"end":{"line":7,"column":59}},"line":7},"3":{"name":"(anonymous_3)","decl":{"start":{"line":9,"column":11},"end":{"line":9,"column":12}},"loc":{"start":{"line":9,"column":17},"end":{"line":11,"column":5}},"line":9}},"branchMap":{"0":{"loc":{"start":{"line":7,"column":61},"end":{"line":7,"column":73}},"type":"binary-expr","locations":[{"start":{"line":7,"column":61},"end":{"line":7,"column":66}},{"start":{"line":7,"column":70},"end":{"line":7,"column":73}}],"line":7}},"s":{"0":2,"1":1,"2":1,"3":1,"4":0,"5":1,"6":1,"7":1},"f":{"0":1,"1":1,"2":0,"3":1},"b":{"0":[1,1]},"_coverageSchema":"1a1c01bbd47fc00a2c39e90264f33305004495a9","hash":"02c8001db7a6090760cf16bbc7da5e5e20f2a4ba"}
,"/Users/miralem/Documents/q-agency-task/src/core/hooks/useHelloEffect.ts": {"path":"/Users/miralem/Documents/q-agency-task/src/core/hooks/useHelloEffect.ts","statementMap":{"0":{"start":{"line":8,"column":30},"end":{"line":13,"column":1}},"1":{"start":{"line":9,"column":2},"end":{"line":12,"column":9}},"2":{"start":{"line":10,"column":4},"end":{"line":10,"column":47}}},"fnMap":{"0":{"name":"(anonymous_0)","decl":{"start":{"line":8,"column":30},"end":{"line":8,"column":31}},"loc":{"start":{"line":8,"column":78},"end":{"line":13,"column":1}},"line":8},"1":{"name":"(anonymous_1)","decl":{"start":{"line":9,"column":12},"end":{"line":9,"column":13}},"loc":{"start":{"line":9,"column":18},"end":{"line":12,"column":3}},"line":9}},"branchMap":{},"s":{"0":6,"1":7,"2":7},"f":{"0":7,"1":7},"b":{},"_coverageSchema":"1a1c01bbd47fc00a2c39e90264f33305004495a9","hash":"38f53c94c0480fb920bb6c90d3934fd3bcd58fc7"}
,"/Users/miralem/Documents/q-agency-task/src/core/routes/PageRoutes.tsx": {"path":"/Users/miralem/Documents/q-agency-task/src/core/routes/PageRoutes.tsx","statementMap":{"0":{"start":{"line":9,"column":26},"end":{"line":28,"column":1}},"1":{"start":{"line":10,"column":2},"end":{"line":10,"column":52}},"2":{"start":{"line":11,"column":2},"end":{"line":27,"column":4}}},"fnMap":{"0":{"name":"(anonymous_0)","decl":{"start":{"line":9,"column":26},"end":{"line":9,"column":27}},"loc":{"start":{"line":9,"column":67},"end":{"line":28,"column":1}},"line":9}},"branchMap":{},"s":{"0":1,"1":1,"2":1},"f":{"0":1},"b":{},"_coverageSchema":"1a1c01bbd47fc00a2c39e90264f33305004495a9","hash":"00c810bb945a4b93baf4e423e3ca41c7bf849269"}
,"/Users/miralem/Documents/q-agency-task/src/modules/comments/components/comments.tsx": {"path":"/Users/miralem/Documents/q-agency-task/src/modules/comments/components/comments.tsx","statementMap":{"0":{"start":{"line":11,"column":24},"end":{"line":39,"column":1}},"1":{"start":{"line":15,"column":2},"end":{"line":15,"column":50}},"2":{"start":{"line":17,"column":26},"end":{"line":17,"column":49}},"3":{"start":{"line":18,"column":2},"end":{"line":18,"column":58}},"4":{"start":{"line":18,"column":13},"end":{"line":18,"column":58}},"5":{"start":{"line":19,"column":2},"end":{"line":19,"column":60}},"6":{"start":{"line":19,"column":13},"end":{"line":19,"column":60}},"7":{"start":{"line":21,"column":2},"end":{"line":38,"column":4}},"8":{"start":{"line":28,"column":10},"end":{"line":34,"column":16}}},"fnMap":{"0":{"name":"(anonymous_0)","decl":{"start":{"line":11,"column":24},"end":{"line":11,"column":25}},"loc":{"start":{"line":14,"column":41},"end":{"line":39,"column":1}},"line":14},"1":{"name":"(anonymous_1)","decl":{"start":{"line":27,"column":18},"end":{"line":27,"column":19}},"loc":{"start":{"line":28,"column":10},"end":{"line":34,"column":16}},"line":28}},"branchMap":{"0":{"loc":{"start":{"line":18,"column":2},"end":{"line":18,"column":58}},"type":"if","locations":[{"start":{"line":18,"column":2},"end":{"line":18,"column":58}},{"start":{},"end":{}}],"line":18},"1":{"loc":{"start":{"line":19,"column":2},"end":{"line":19,"column":60}},"type":"if","locations":[{"start":{"line":19,"column":2},"end":{"line":19,"column":60}},{"start":{},"end":{}}],"line":19}},"s":{"0":1,"1":0,"2":0,"3":0,"4":0,"5":0,"6":0,"7":0,"8":0},"f":{"0":0,"1":0},"b":{"0":[0,0],"1":[0,0]},"_coverageSchema":"1a1c01bbd47fc00a2c39e90264f33305004495a9","hash":"075248b3c7675a0765bccdbbfbcb1504eec4d7ee"}
,"/Users/miralem/Documents/q-agency-task/src/modules/comments/hooks/useComments.ts": {"path":"/Users/miralem/Documents/q-agency-task/src/modules/comments/hooks/useComments.ts","statementMap":{"0":{"start":{"line":16,"column":27},"end":{"line":22,"column":1}},"1":{"start":{"line":17,"column":26},"end":{"line":17,"column":70}},"2":{"start":{"line":18,"column":2},"end":{"line":21,"column":4}}},"fnMap":{"0":{"name":"(anonymous_0)","decl":{"start":{"line":16,"column":27},"end":{"line":16,"column":28}},"loc":{"start":{"line":16,"column":61},"end":{"line":22,"column":1}},"line":16}},"branchMap":{},"s":{"0":1,"1":0,"2":0},"f":{"0":0},"b":{},"_coverageSchema":"1a1c01bbd47fc00a2c39e90264f33305004495a9","hash":"acf04a25f5ef8d5fe86209712c11edbd82d1c7a2"}
,"/Users/miralem/Documents/q-agency-task/src/modules/posts/components/post.tsx": {"path":"/Users/miralem/Documents/q-agency-task/src/modules/posts/components/post.tsx","statementMap":{"0":{"start":{"line":14,"column":20},"end":{"line":44,"column":1}},"1":{"start":{"line":21,"column":2},"end":{"line":21,"column":46}},"2":{"start":{"line":23,"column":15},"end":{"line":23,"column":34}},"3":{"start":{"line":24,"column":19},"end":{"line":24,"column":32}},"4":{"start":{"line":25,"column":22},"end":{"line":28,"column":6}},"5":{"start":{"line":26,"column":4},"end":{"line":28,"column":6}},"6":{"start":{"line":29,"column":2},"end":{"line":43,"column":4}}},"fnMap":{"0":{"name":"(anonymous_0)","decl":{"start":{"line":14,"column":20},"end":{"line":14,"column":21}},"loc":{"start":{"line":20,"column":37},"end":{"line":44,"column":1}},"line":20},"1":{"name":"(anonymous_1)","decl":{"start":{"line":25,"column":22},"end":{"line":25,"column":23}},"loc":{"start":{"line":26,"column":4},"end":{"line":28,"column":6}},"line":26}},"branchMap":{},"s":{"0":1,"1":0,"2":0,"3":0,"4":0,"5":0,"6":0},"f":{"0":0,"1":0},"b":{},"_coverageSchema":"1a1c01bbd47fc00a2c39e90264f33305004495a9","hash":"45c4a0f76d40743eec237b97508fc61b97bf6e1b"}
,"/Users/miralem/Documents/q-agency-task/src/modules/posts/components/postDetails.tsx": {"path":"/Users/miralem/Documents/q-agency-task/src/modules/posts/components/postDetails.tsx","statementMap":{"0":{"start":{"line":14,"column":27},"end":{"line":46,"column":1}},"1":{"start":{"line":18,"column":2},"end":{"line":18,"column":53}},"2":{"start":{"line":20,"column":26},"end":{"line":20,"column":41}},"3":{"start":{"line":21,"column":15},"end":{"line":21,"column":48}},"4":{"start":{"line":23,"column":2},"end":{"line":23,"column":58}},"5":{"start":{"line":23,"column":13},"end":{"line":23,"column":58}},"6":{"start":{"line":24,"column":2},"end":{"line":24,"column":60}},"7":{"start":{"line":24,"column":13},"end":{"line":24,"column":60}},"8":{"start":{"line":25,"column":34},"end":{"line":25,"column":38}},"9":{"start":{"line":27,"column":2},"end":{"line":45,"column":4}}},"fnMap":{"0":{"name":"(anonymous_0)","decl":{"start":{"line":14,"column":27},"end":{"line":14,"column":28}},"loc":{"start":{"line":17,"column":44},"end":{"line":46,"column":1}},"line":17}},"branchMap":{"0":{"loc":{"start":{"line":23,"column":2},"end":{"line":23,"column":58}},"type":"if","locations":[{"start":{"line":23,"column":2},"end":{"line":23,"column":58}},{"start":{},"end":{}}],"line":23},"1":{"loc":{"start":{"line":24,"column":2},"end":{"line":24,"column":60}},"type":"if","locations":[{"start":{"line":24,"column":2},"end":{"line":24,"column":60}},{"start":{},"end":{}}],"line":24},"2":{"loc":{"start":{"line":38,"column":7},"end":{"line":38,"column":75}},"type":"binary-expr","locations":[{"start":{"line":38,"column":7},"end":{"line":38,"column":9}},{"start":{"line":38,"column":13},"end":{"line":38,"column":75}}],"line":38}},"s":{"0":1,"1":0,"2":0,"3":0,"4":0,"5":0,"6":0,"7":0,"8":0,"9":0},"f":{"0":0},"b":{"0":[0,0],"1":[0,0],"2":[0,0]},"_coverageSchema":"1a1c01bbd47fc00a2c39e90264f33305004495a9","hash":"dde1073d90545f3d07b483fef77da20e41f8bb9e"}
,"/Users/miralem/Documents/q-agency-task/src/modules/posts/hooks/usePost.ts": {"path":"/Users/miralem/Documents/q-agency-task/src/modules/posts/hooks/usePost.ts","statementMap":{"0":{"start":{"line":9,"column":23},"end":{"line":16,"column":1}},"1":{"start":{"line":10,"column":26},"end":{"line":10,"column":69}},"2":{"start":{"line":12,"column":2},"end":{"line":15,"column":4}}},"fnMap":{"0":{"name":"(anonymous_0)","decl":{"start":{"line":9,"column":23},"end":{"line":9,"column":24}},"loc":{"start":{"line":9,"column":49},"end":{"line":16,"column":1}},"line":9}},"branchMap":{"0":{"loc":{"start":{"line":10,"column":33},"end":{"line":10,"column":59}},"type":"cond-expr","locations":[{"start":{"line":10,"column":38},"end":{"line":10,"column":52}},{"start":{"line":10,"column":55},"end":{"line":10,"column":59}}],"line":10}},"s":{"0":1,"1":0,"2":0},"f":{"0":0},"b":{"0":[0,0]},"_coverageSchema":"1a1c01bbd47fc00a2c39e90264f33305004495a9","hash":"ff5de99bcda1d69070a4c0bdd01ad7bd67288850"}
,"/Users/miralem/Documents/q-agency-task/src/modules/posts/hooks/usePosts.ts": {"path":"/Users/miralem/Documents/q-agency-task/src/modules/posts/hooks/usePosts.ts","statementMap":{"0":{"start":{"line":13,"column":24},"end":{"line":40,"column":1}},"1":{"start":{"line":14,"column":28},"end":{"line":14,"column":55}},"2":{"start":{"line":15,"column":15},"end":{"line":15,"column":32}},"3":{"start":{"line":16,"column":17},"end":{"line":16,"column":42}},"4":{"start":{"line":18,"column":2},"end":{"line":20,"column":13}},"5":{"start":{"line":19,"column":4},"end":{"line":19,"column":17}},"6":{"start":{"line":22,"column":22},"end":{"line":22,"column":54}},"7":{"start":{"line":23,"column":26},"end":{"line":28,"column":3}},"8":{"start":{"line":30,"column":2},"end":{"line":32,"column":13}},"9":{"start":{"line":31,"column":4},"end":{"line":31,"column":63}},"10":{"start":{"line":31,"column":43},"end":{"line":31,"column":61}},"11":{"start":{"line":34,"column":2},"end":{"line":39,"column":4}}},"fnMap":{"0":{"name":"(anonymous_0)","decl":{"start":{"line":13,"column":24},"end":{"line":13,"column":25}},"loc":{"start":{"line":13,"column":69},"end":{"line":40,"column":1}},"line":13},"1":{"name":"(anonymous_1)","decl":{"start":{"line":18,"column":12},"end":{"line":18,"column":13}},"loc":{"start":{"line":18,"column":18},"end":{"line":20,"column":3}},"line":18},"2":{"name":"(anonymous_2)","decl":{"start":{"line":30,"column":12},"end":{"line":30,"column":13}},"loc":{"start":{"line":30,"column":18},"end":{"line":32,"column":3}},"line":30},"3":{"name":"(anonymous_3)","decl":{"start":{"line":31,"column":33},"end":{"line":31,"column":34}},"loc":{"start":{"line":31,"column":43},"end":{"line":31,"column":61}},"line":31}},"branchMap":{"0":{"loc":{"start":{"line":13,"column":27},"end":{"line":13,"column":35}},"type":"default-arg","locations":[{"start":{"line":13,"column":34},"end":{"line":13,"column":35}}],"line":13},"1":{"loc":{"start":{"line":13,"column":37},"end":{"line":13,"column":47}},"type":"default-arg","locations":[{"start":{"line":13,"column":45},"end":{"line":13,"column":47}}],"line":13},"2":{"loc":{"start":{"line":22,"column":22},"end":{"line":22,"column":54}},"type":"cond-expr","locations":[{"start":{"line":22,"column":29},"end":{"line":22,"column":49}},{"start":{"line":22,"column":52},"end":{"line":22,"column":54}}],"line":22},"3":{"loc":{"start":{"line":24,"column":4},"end":{"line":26,"column":60}},"type":"cond-expr","locations":[{"start":{"line":25,"column":8},"end":{"line":25,"column":12}},{"start":{"line":26,"column":8},"end":{"line":26,"column":60}}],"line":24},"4":{"loc":{"start":{"line":24,"column":4},"end":{"line":24,"column":30}},"type":"binary-expr","locations":[{"start":{"line":24,"column":4},"end":{"line":24,"column":21}},{"start":{"line":24,"column":25},"end":{"line":24,"column":30}}],"line":24},"5":{"loc":{"start":{"line":31,"column":4},"end":{"line":31,"column":62}},"type":"binary-expr","locations":[{"start":{"line":31,"column":4},"end":{"line":31,"column":20}},{"start":{"line":31,"column":24},"end":{"line":31,"column":62}}],"line":31}},"s":{"0":1,"1":0,"2":0,"3":0,"4":0,"5":0,"6":0,"7":0,"8":0,"9":0,"10":0,"11":0},"f":{"0":0,"1":0,"2":0,"3":0},"b":{"0":[0],"1":[0],"2":[0,0],"3":[0,0],"4":[0,0],"5":[0,0]},"_coverageSchema":"1a1c01bbd47fc00a2c39e90264f33305004495a9","hash":"ce04b8f579c253c86de3cf86943364438250aab2"}
,"/Users/miralem/Documents/q-agency-task/src/modules/posts/pages/PostsPage.tsx": {"path":"/Users/miralem/Documents/q-agency-task/src/modules/posts/pages/PostsPage.tsx","statementMap":{"0":{"start":{"line":11,"column":25},"end":{"line":82,"column":1}},"1":{"start":{"line":12,"column":2},"end":{"line":12,"column":51}},"2":{"start":{"line":14,"column":26},"end":{"line":14,"column":37}},"3":{"start":{"line":15,"column":17},"end":{"line":15,"column":42}},"4":{"start":{"line":17,"column":2},"end":{"line":19,"column":15}},"5":{"start":{"line":18,"column":4},"end":{"line":18,"column":15}},"6":{"start":{"line":21,"column":47},"end":{"line":23,"column":4}},"7":{"start":{"line":25,"column":19},"end":{"line":25,"column":49}},"8":{"start":{"line":26,"column":23},"end":{"line":26,"column":58}},"9":{"start":{"line":28,"column":25},"end":{"line":40,"column":3}},"10":{"start":{"line":30,"column":6},"end":{"line":30,"column":28}},"11":{"start":{"line":30,"column":21},"end":{"line":30,"column":28}},"12":{"start":{"line":31,"column":6},"end":{"line":31,"column":58}},"13":{"start":{"line":31,"column":28},"end":{"line":31,"column":58}},"14":{"start":{"line":32,"column":6},"end":{"line":36,"column":9}},"15":{"start":{"line":33,"column":8},"end":{"line":35,"column":9}},"16":{"start":{"line":34,"column":10},"end":{"line":34,"column":38}},"17":{"start":{"line":34,"column":28},"end":{"line":34,"column":36}},"18":{"start":{"line":37,"column":6},"end":{"line":37,"column":47}},"19":{"start":{"line":37,"column":16},"end":{"line":37,"column":47}},"20":{"start":{"line":42,"column":28},"end":{"line":47,"column":3}},"21":{"start":{"line":43,"column":4},"end":{"line":46,"column":7}},"22":{"start":{"line":48,"column":2},"end":{"line":48,"column":80}},"23":{"start":{"line":49,"column":2},"end":{"line":81,"column":4}},"24":{"start":{"line":57,"column":10},"end":{"line":57,"column":61}}},"fnMap":{"0":{"name":"(anonymous_0)","decl":{"start":{"line":11,"column":25},"end":{"line":11,"column":26}},"loc":{"start":{"line":11,"column":66},"end":{"line":82,"column":1}},"line":11},"1":{"name":"(anonymous_1)","decl":{"start":{"line":17,"column":12},"end":{"line":17,"column":13}},"loc":{"start":{"line":17,"column":18},"end":{"line":19,"column":3}},"line":17},"2":{"name":"(anonymous_2)","decl":{"start":{"line":29,"column":4},"end":{"line":29,"column":5}},"loc":{"start":{"line":29,"column":30},"end":{"line":38,"column":5}},"line":29},"3":{"name":"(anonymous_3)","decl":{"start":{"line":32,"column":50},"end":{"line":32,"column":51}},"loc":{"start":{"line":32,"column":63},"end":{"line":36,"column":7}},"line":32},"4":{"name":"(anonymous_4)","decl":{"start":{"line":34,"column":18},"end":{"line":34,"column":19}},"loc":{"start":{"line":34,"column":28},"end":{"line":34,"column":36}},"line":34},"5":{"name":"(anonymous_5)","decl":{"start":{"line":42,"column":28},"end":{"line":42,"column":29}},"loc":{"start":{"line":42,"column":34},"end":{"line":47,"column":3}},"line":42},"6":{"name":"(anonymous_6)","decl":{"start":{"line":56,"column":20},"end":{"line":56,"column":21}},"loc":{"start":{"line":57,"column":10},"end":{"line":57,"column":61}},"line":57}},"branchMap":{"0":{"loc":{"start":{"line":30,"column":6},"end":{"line":30,"column":28}},"type":"if","locations":[{"start":{"line":30,"column":6},"end":{"line":30,"column":28}},{"start":{},"end":{}}],"line":30},"1":{"loc":{"start":{"line":31,"column":6},"end":{"line":31,"column":58}},"type":"if","locations":[{"start":{"line":31,"column":6},"end":{"line":31,"column":58}},{"start":{},"end":{}}],"line":31},"2":{"loc":{"start":{"line":33,"column":8},"end":{"line":35,"column":9}},"type":"if","locations":[{"start":{"line":33,"column":8},"end":{"line":35,"column":9}},{"start":{},"end":{}}],"line":33},"3":{"loc":{"start":{"line":33,"column":12},"end":{"line":33,"column":48}},"type":"binary-expr","locations":[{"start":{"line":33,"column":12},"end":{"line":33,"column":37}},{"start":{"line":33,"column":41},"end":{"line":33,"column":48}}],"line":33},"4":{"loc":{"start":{"line":37,"column":6},"end":{"line":37,"column":47}},"type":"if","locations":[{"start":{"line":37,"column":6},"end":{"line":37,"column":47}},{"start":{},"end":{}}],"line":37},"5":{"loc":{"start":{"line":48,"column":47},"end":{"line":48,"column":76}},"type":"binary-expr","locations":[{"start":{"line":48,"column":47},"end":{"line":48,"column":56}},{"start":{"line":48,"column":60},"end":{"line":48,"column":76}}],"line":48},"6":{"loc":{"start":{"line":65,"column":9},"end":{"line":65,"column":55}},"type":"binary-expr","locations":[{"start":{"line":65,"column":9},"end":{"line":65,"column":14}},{"start":{"line":65,"column":18},"end":{"line":65,"column":55}}],"line":65},"7":{"loc":{"start":{"line":66,"column":9},"end":{"line":68,"column":9}},"type":"binary-expr","locations":[{"start":{"line":66,"column":9},"end":{"line":66,"column":18}},{"start":{"line":66,"column":22},"end":{"line":66,"column":38}},{"start":{"line":67,"column":10},"end":{"line":67,"column":49}}],"line":66},"8":{"loc":{"start":{"line":70,"column":9},"end":{"line":78,"column":9}},"type":"cond-expr","locations":[{"start":{"line":71,"column":10},"end":{"line":73,"column":16}},{"start":{"line":75,"column":10},"end":{"line":77,"column":16}}],"line":70}},"s":{"0":1,"1":0,"2":0,"3":0,"4":0,"5":0,"6":0,"7":0,"8":0,"9":0,"10":0,"11":0,"12":0,"13":0,"14":0,"15":0,"16":0,"17":0,"18":0,"19":0,"20":0,"21":0,"22":0,"23":0,"24":0},"f":{"0":0,"1":0,"2":0,"3":0,"4":0,"5":0,"6":0},"b":{"0":[0,0],"1":[0,0],"2":[0,0],"3":[0,0],"4":[0,0],"5":[0,0],"6":[0,0],"7":[0,0,0],"8":[0,0]},"_coverageSchema":"1a1c01bbd47fc00a2c39e90264f33305004495a9","hash":"2567116dbb7603f49005485ed02065efcbf38b1a"}
,"/Users/miralem/Documents/q-agency-task/src/modules/posts/pages/SinglePostPage.tsx": {"path":"/Users/miralem/Documents/q-agency-task/src/modules/posts/pages/SinglePostPage.tsx","statementMap":{"0":{"start":{"line":7,"column":30},"end":{"line":18,"column":1}},"1":{"start":{"line":8,"column":2},"end":{"line":8,"column":56}},"2":{"start":{"line":10,"column":17},"end":{"line":10,"column":28}},"3":{"start":{"line":12,"column":2},"end":{"line":17,"column":4}}},"fnMap":{"0":{"name":"(anonymous_0)","decl":{"start":{"line":7,"column":30},"end":{"line":7,"column":31}},"loc":{"start":{"line":7,"column":71},"end":{"line":18,"column":1}},"line":7}},"branchMap":{},"s":{"0":1,"1":0,"2":0,"3":0},"f":{"0":0},"b":{},"_coverageSchema":"1a1c01bbd47fc00a2c39e90264f33305004495a9","hash":"273838a31fec19e58f297bde3d9b241d10e4bac8"}
,"/Users/miralem/Documents/q-agency-task/src/modules/users/components/aboutUser.tsx": {"path":"/Users/miralem/Documents/q-agency-task/src/modules/users/components/aboutUser.tsx","statementMap":{"0":{"start":{"line":10,"column":25},"end":{"line":28,"column":1}},"1":{"start":{"line":15,"column":2},"end":{"line":15,"column":51}},"2":{"start":{"line":17,"column":15},"end":{"line":17,"column":34}},"3":{"start":{"line":18,"column":2},"end":{"line":27,"column":4}}},"fnMap":{"0":{"name":"(anonymous_0)","decl":{"start":{"line":10,"column":25},"end":{"line":10,"column":26}},"loc":{"start":{"line":14,"column":42},"end":{"line":28,"column":1}},"line":14}},"branchMap":{},"s":{"0":1,"1":0,"2":0,"3":0},"f":{"0":0},"b":{},"_coverageSchema":"1a1c01bbd47fc00a2c39e90264f33305004495a9","hash":"a20a0f3671ed965efbb9f6c71d144a25e31c0bfe"}
,"/Users/miralem/Documents/q-agency-task/src/shared/components/basicPageHeader.tsx": {"path":"/Users/miralem/Documents/q-agency-task/src/shared/components/basicPageHeader.tsx","statementMap":{"0":{"start":{"line":4,"column":31},"end":{"line":14,"column":1}},"1":{"start":{"line":5,"column":2},"end":{"line":5,"column":57}},"2":{"start":{"line":7,"column":2},"end":{"line":13,"column":4}}},"fnMap":{"0":{"name":"(anonymous_0)","decl":{"start":{"line":4,"column":31},"end":{"line":4,"column":32}},"loc":{"start":{"line":4,"column":72},"end":{"line":14,"column":1}},"line":4}},"branchMap":{},"s":{"0":2,"1":1,"2":1},"f":{"0":1},"b":{},"_coverageSchema":"1a1c01bbd47fc00a2c39e90264f33305004495a9","hash":"822912b57ede5ca95ec6c5dcbc0cba25b1a04272"}
,"/Users/miralem/Documents/q-agency-task/src/shared/components/error.tsx": {"path":"/Users/miralem/Documents/q-agency-task/src/shared/components/error.tsx","statementMap":{"0":{"start":{"line":5,"column":21},"end":{"line":15,"column":1}},"1":{"start":{"line":6,"column":2},"end":{"line":6,"column":47}},"2":{"start":{"line":8,"column":2},"end":{"line":14,"column":4}}},"fnMap":{"0":{"name":"(anonymous_0)","decl":{"start":{"line":5,"column":21},"end":{"line":5,"column":22}},"loc":{"start":{"line":5,"column":62},"end":{"line":15,"column":1}},"line":5}},"branchMap":{},"s":{"0":2,"1":1,"2":1},"f":{"0":1},"b":{},"_coverageSchema":"1a1c01bbd47fc00a2c39e90264f33305004495a9","hash":"98704a96d1b63a5a00e8166469a39dd73dd47f0e"}
,"/Users/miralem/Documents/q-agency-task/src/shared/components/loading.tsx": {"path":"/Users/miralem/Documents/q-agency-task/src/shared/components/loading.tsx","statementMap":{"0":{"start":{"line":5,"column":23},"end":{"line":15,"column":1}},"1":{"start":{"line":6,"column":2},"end":{"line":6,"column":49}},"2":{"start":{"line":8,"column":2},"end":{"line":14,"column":4}}},"fnMap":{"0":{"name":"(anonymous_0)","decl":{"start":{"line":5,"column":23},"end":{"line":5,"column":24}},"loc":{"start":{"line":5,"column":64},"end":{"line":15,"column":1}},"line":5}},"branchMap":{},"s":{"0":2,"1":1,"2":1},"f":{"0":1},"b":{},"_coverageSchema":"1a1c01bbd47fc00a2c39e90264f33305004495a9","hash":"e1bacd19c527da13bbb8c2ad6b54c326e313475e"}
,"/Users/miralem/Documents/q-agency-task/src/shared/components/pageHeaderWithFilter.tsx": {"path":"/Users/miralem/Documents/q-agency-task/src/shared/components/pageHeaderWithFilter.tsx","statementMap":{"0":{"start":{"line":6,"column":36},"end":{"line":27,"column":1}},"1":{"start":{"line":7,"column":2},"end":{"line":7,"column":62}},"2":{"start":{"line":8,"column":28},"end":{"line":8,"column":40}},"3":{"start":{"line":9,"column":17},"end":{"line":9,"column":28}},"4":{"start":{"line":10,"column":2},"end":{"line":26,"column":4}},"5":{"start":{"line":21,"column":10},"end":{"line":21,"column":35}},"6":{"start":{"line":22,"column":10},"end":{"line":22,"column":43}}},"fnMap":{"0":{"name":"(anonymous_0)","decl":{"start":{"line":6,"column":36},"end":{"line":6,"column":37}},"loc":{"start":{"line":6,"column":77},"end":{"line":27,"column":1}},"line":6},"1":{"name":"(anonymous_1)","decl":{"start":{"line":20,"column":18},"end":{"line":20,"column":19}},"loc":{"start":{"line":20,"column":25},"end":{"line":23,"column":9}},"line":20}},"branchMap":{},"s":{"0":2,"1":1,"2":1,"3":1,"4":1,"5":0,"6":0},"f":{"0":1,"1":0},"b":{},"_coverageSchema":"1a1c01bbd47fc00a2c39e90264f33305004495a9","hash":"8a7a509aeb4a9aa88d73151c332afa6c237f678c"}
,"/Users/miralem/Documents/q-agency-task/src/shared/pages/BasePageLayout.tsx": {"path":"/Users/miralem/Documents/q-agency-task/src/shared/pages/BasePageLayout.tsx","statementMap":{"0":{"start":{"line":8,"column":30},"end":{"line":22,"column":1}},"1":{"start":{"line":12,"column":2},"end":{"line":12,"column":56}},"2":{"start":{"line":14,"column":2},"end":{"line":21,"column":4}}},"fnMap":{"0":{"name":"(anonymous_0)","decl":{"start":{"line":8,"column":30},"end":{"line":8,"column":31}},"loc":{"start":{"line":11,"column":47},"end":{"line":22,"column":1}},"line":11}},"branchMap":{},"s":{"0":1,"1":1,"2":1},"f":{"0":1},"b":{},"_coverageSchema":"1a1c01bbd47fc00a2c39e90264f33305004495a9","hash":"3a736fb8443b113e77fdbf22246b28adfe571d1f"}
,"/Users/miralem/Documents/q-agency-task/src/shared/pages/PageNotFound.tsx": {"path":"/Users/miralem/Documents/q-agency-task/src/shared/pages/PageNotFound.tsx","statementMap":{"0":{"start":{"line":4,"column":28},"end":{"line":8,"column":1}},"1":{"start":{"line":5,"column":2},"end":{"line":5,"column":54}},"2":{"start":{"line":7,"column":2},"end":{"line":7,"column":39}}},"fnMap":{"0":{"name":"(anonymous_0)","decl":{"start":{"line":4,"column":28},"end":{"line":4,"column":29}},"loc":{"start":{"line":4,"column":69},"end":{"line":8,"column":1}},"line":4}},"branchMap":{},"s":{"0":1,"1":1,"2":1},"f":{"0":1},"b":{},"_coverageSchema":"1a1c01bbd47fc00a2c39e90264f33305004495a9","hash":"3054911bb35ff6c9edcb32ef621b85450b3f351f"}
}
